<?xml version="1.0" encoding="UTF-8" ?>
<testsuite failures="0" time="24.301" errors="0" skipped="0" tests="29" name="com.cvut.spatnjak.wpa.moviedatabase.test.MovieTestSuite">
  <properties>
[...]
</properties>
  <testcase time="17.938" classname="com.cvut.spatnjak.wpa.moviedatabase.test.MovieServiceTest" name="testGetByRating"/>
  <testcase time="1.218" classname="com.cvut.spatnjak.wpa.moviedatabase.test.MovieServiceTest" name="testDeleteMovie"/>
  <testcase time="0.472" classname="com.cvut.spatnjak.wpa.moviedatabase.test.MovieServiceTest" name="testGetLatest4"/>
  <testcase time="0.067" classname="com.cvut.spatnjak.wpa.moviedatabase.test.MovieServiceTest" name="testAddActorToRoleInMovie"/>
  <testcase time="0.077" classname="com.cvut.spatnjak.wpa.moviedatabase.test.MovieServiceTest" name="testAddCreatedBy"/>
  <testcase time="0.069" classname="com.cvut.spatnjak.wpa.moviedatabase.test.MovieServiceTest" name="testGetMovieByID"/>
  <testcase time="0.043" classname="com.cvut.spatnjak.wpa.moviedatabase.test.MovieServiceTest" name="testGetNonExistent"/>
  <testcase time="0.069" classname="com.cvut.spatnjak.wpa.moviedatabase.test.MovieServiceTest" name="testUpdate"/>
  <testcase time="0.606" classname="com.cvut.spatnjak.wpa.moviedatabase.test.MovieServiceTest" name="testAddMovie"/>
  <testcase time="0.064" classname="com.cvut.spatnjak.wpa.moviedatabase.test.ActorServiceTest" name="empty"/>
  <testcase time="0.089" classname="com.cvut.spatnjak.wpa.moviedatabase.test.ActorServiceTest" name="testUpdateActor"/>
  <testcase time="0.162" classname="com.cvut.spatnjak.wpa.moviedatabase.test.ActorServiceTest" name="testRemoveActor"/>
  <testcase time="0.074" classname="com.cvut.spatnjak.wpa.moviedatabase.test.ActorServiceTest" name="getActorByID"/>
  <testcase time="0.358" classname="com.cvut.spatnjak.wpa.moviedatabase.test.ActorServiceTest" name="testAddActor"/>
  <testcase time="0.059" classname="com.cvut.spatnjak.wpa.moviedatabase.test.DirectorServiceTest" name="empty"/>
  <testcase time="0.069" classname="com.cvut.spatnjak.wpa.moviedatabase.test.DirectorServiceTest" name="testUpdateDirector"/>
  <testcase time="0.068" classname="com.cvut.spatnjak.wpa.moviedatabase.test.DirectorServiceTest" name="getDirectorByID"/>
  <testcase time="0.298" classname="com.cvut.spatnjak.wpa.moviedatabase.test.DirectorServiceTest" name="testAdd"/>
  <testcase time="0.325" classname="com.cvut.spatnjak.wpa.moviedatabase.test.DirectorServiceTest" name="testRemove"/>
  <testcase time="0.061" classname="com.cvut.spatnjak.wpa.moviedatabase.test.ProductionCompanyServiceTest" name="empty"/>
  <testcase time="0.185" classname="com.cvut.spatnjak.wpa.moviedatabase.test.ProductionCompanyServiceTest" name="testAddProducer"/>
  <testcase time="0.219" classname="com.cvut.spatnjak.wpa.moviedatabase.test.ProductionCompanyServiceTest" name="testDeleteProducer"/>
  <testcase time="0.066" classname="com.cvut.spatnjak.wpa.moviedatabase.test.ProductionCompanyServiceTest" name="testGetByID"/>
  <testcase time="0.068" classname="com.cvut.spatnjak.wpa.moviedatabase.test.ProductionCompanyServiceTest" name="testUpdate"/>
  <testcase time="0.067" classname="com.cvut.spatnjak.wpa.moviedatabase.test.WriterServiceTest" name="empty"/>
  <testcase time="0.064" classname="com.cvut.spatnjak.wpa.moviedatabase.test.WriterServiceTest" name="testUpdateActor"/>
  <testcase time="0.233" classname="com.cvut.spatnjak.wpa.moviedatabase.test.WriterServiceTest" name="testAdd"/>
  <testcase time="0.209" classname="com.cvut.spatnjak.wpa.moviedatabase.test.WriterServiceTest" name="testRemove"/>
  <testcase time="0.065" classname="com.cvut.spatnjak.wpa.moviedatabase.test.WriterServiceTest" name="getWriterByID"/>
</testsuite>